<?xml version="1.0" encoding="UTF-8"?>
<!-- Generated by org.testng.reporters.JUnitXMLReporter -->
<testsuite ignored="0" hostname="DESKTOP-HOQQ6B4" failures="0" tests="6" name="Default test" time="11.299" errors="0" timestamp="2024-06-13T11:07:32 CDT">
  <testcase classname="tests.PizzaOrderTest" name="EnterLocation" time="2.272"/>
  <testcase classname="tests.PizzaOrderTest" name="SidePage" time="3.066"/>
  <testcase classname="tests.PizzaOrderTest" name="DrinkPage" time="1.874"/>
  <testcase classname="tests.PizzaOrderTest" name="CheckoutPage" time="0.948"/>
  <testcase classname="tests.PizzaOrderTest" name="RadioButton" time="0.187"/>
  <testcase classname="tests.PizzaOrderTest" name="GiftCard" time="2.712"/>
</testsuite> <!-- Default test -->
