<?xml version="1.0" encoding="UTF-8"?>
<!-- Generated by org.testng.reporters.JUnitXMLReporter -->
<testsuite ignored="0" hostname="DESKTOP-HOQQ6B4" failures="0" tests="6" name="PizzaOrderTest" time="21.523" errors="0" timestamp="2024-05-23T09:49:41 CDT">
  <testcase classname="tests.PizzaOrderTest" name="EnterLocation" time="3.071"/>
  <testcase classname="tests.PizzaOrderTest" name="SidePage" time="5.756"/>
  <testcase classname="tests.PizzaOrderTest" name="DrinkPage" time="3.641"/>
  <testcase classname="tests.PizzaOrderTest" name="CheckoutPage" time="1.815"/>
  <testcase classname="tests.PizzaOrderTest" name="RadioButton" time="0.469"/>
  <testcase classname="tests.PizzaOrderTest" name="GiftCard" time="6.424"/>
</testsuite> <!-- PizzaOrderTest -->
